<?xml version="1.0" encoding="UTF-8"?>
<!-- Generated by org.testng.reporters.JUnitReportReporter -->
<testsuite hostname="9896fc5e598259c" failures="0" tests="7" name="FlipKartTestSuite" time="11.783" errors="0" timestamp="2023-10-09T20:56:34 IST" skipped="0">
  <testcase classname="FlipKartTestSuite" name="LoginPopupCloseTest" time="0.156"/>
  <system-out/>
  <testcase classname="FlipKartTestSuite" name="ProductSearch" time="2.060"/>
  <system-out/>
  <testcase classname="FlipKartTestSuite" name="FirstNameLabelTest" time="0.154"/>
  <system-out/>
  <testcase classname="FlipKartTestSuite" name="swithToProductTab" time="0.043"/>
  <system-out/>
  <testcase classname="FlipKartTestSuite" name="AddToCartTest" time="1.782"/>
  <system-out/>
  <testcase classname="FlipKartTestSuite" name="CartButtonTest" time="6.521"/>
  <system-out/>
  <testcase classname="FlipKartTestSuite" name="CartAddedTest" time="1.067"/>
  <system-out/>
</testsuite> <!-- FlipKartTestSuite -->
