<?xml version="1.0" encoding="UTF-8"?>
<!-- Generated by org.testng.reporters.JUnitReportReporter -->
<testsuite hostname="9896fc5e598259c" failures="0" tests="7" name="com.qa.testscripts.FlipKartTestSuite" time="11.914" errors="0" timestamp="2023-10-10T13:38:46 IST" skipped="0">
  <testcase classname="com.qa.testscripts.FlipKartTestSuite" name="LoginPopupCloseTest" time="0.184"/>
  <system-out/>
  <testcase classname="com.qa.testscripts.FlipKartTestSuite" name="ProductSearch" time="2.250"/>
  <system-out/>
  <testcase classname="com.qa.testscripts.FlipKartTestSuite" name="FirstNameLabelTest" time="0.152"/>
  <system-out/>
  <testcase classname="com.qa.testscripts.FlipKartTestSuite" name="swithToProductTab" time="0.040"/>
  <system-out/>
  <testcase classname="com.qa.testscripts.FlipKartTestSuite" name="AddToCartTest" time="1.724"/>
  <system-out/>
  <testcase classname="com.qa.testscripts.FlipKartTestSuite" name="CartButtonTest" time="6.506"/>
  <system-out/>
  <testcase classname="com.qa.testscripts.FlipKartTestSuite" name="CartAddedTest" time="1.058"/>
  <system-out/>
</testsuite> <!-- com.qa.testscripts.FlipKartTestSuite -->
